2025-04-28 12:30:36,044 - INFO - 提取序列和标签
2025-04-28 12:30:51,089 - INFO - 构建标签共现矩阵
2025-04-28 12:31:22,760 - INFO - collecting all words and their counts
2025-04-28 12:31:22,760 - INFO - PROGRESS: at sentence #0, processed 0 words, keeping 0 word types
2025-04-28 12:31:22,773 - INFO - collected 854 word types from a corpus of 85040 raw words and 8540 sentences
2025-04-28 12:31:22,774 - INFO - Creating a fresh vocabulary
2025-04-28 12:31:22,809 - INFO - Word2Vec lifecycle event {'msg': 'effective_min_count=5 retains 854 unique words (100.00% of original 854, drops 0)', 'datetime': '2025-04-28T12:31:22.776995', 'gensim': '4.3.3', 'python': '3.8.20 | packaged by conda-forge | (default, Sep 30 2024, 17:52:49) \n[GCC 13.3.0]', 'platform': 'Linux-5.15.0-136-generic-x86_64-with-glibc2.17', 'event': 'prepare_vocab'}
2025-04-28 12:31:22,809 - INFO - Word2Vec lifecycle event {'msg': 'effective_min_count=5 leaves 85040 word corpus (100.00% of original 85040, drops 0)', 'datetime': '2025-04-28T12:31:22.809929', 'gensim': '4.3.3', 'python': '3.8.20 | packaged by conda-forge | (default, Sep 30 2024, 17:52:49) \n[GCC 13.3.0]', 'platform': 'Linux-5.15.0-136-generic-x86_64-with-glibc2.17', 'event': 'prepare_vocab'}
2025-04-28 12:31:22,814 - INFO - deleting the raw counts dictionary of 854 items
2025-04-28 12:31:22,815 - INFO - sample=0.001 downsamples 56 most-common words
2025-04-28 12:31:22,815 - INFO - Word2Vec lifecycle event {'msg': 'downsampling leaves estimated 49992.862922013366 word corpus (58.8%% of prior 85040)', 'datetime': '2025-04-28T12:31:22.815127', 'gensim': '4.3.3', 'python': '3.8.20 | packaged by conda-forge | (default, Sep 30 2024, 17:52:49) \n[GCC 13.3.0]', 'platform': 'Linux-5.15.0-136-generic-x86_64-with-glibc2.17', 'event': 'prepare_vocab'}
2025-04-28 12:31:22,822 - INFO - estimated required memory for 854 words and 1280 dimensions: 9171960 bytes
2025-04-28 12:31:22,822 - INFO - resetting layer weights
2025-04-28 12:31:22,828 - INFO - Word2Vec lifecycle event {'update': False, 'trim_rule': 'None', 'datetime': '2025-04-28T12:31:22.828704', 'gensim': '4.3.3', 'python': '3.8.20 | packaged by conda-forge | (default, Sep 30 2024, 17:52:49) \n[GCC 13.3.0]', 'platform': 'Linux-5.15.0-136-generic-x86_64-with-glibc2.17', 'event': 'build_vocab'}
2025-04-28 12:31:22,828 - INFO - Word2Vec lifecycle event {'msg': 'training model with 1 workers on 854 vocabulary and 1280 features, using sg=1 hs=0 sample=0.001 negative=5 window=5 shrink_windows=True', 'datetime': '2025-04-28T12:31:22.828831', 'gensim': '4.3.3', 'python': '3.8.20 | packaged by conda-forge | (default, Sep 30 2024, 17:52:49) \n[GCC 13.3.0]', 'platform': 'Linux-5.15.0-136-generic-x86_64-with-glibc2.17', 'event': 'train'}
2025-04-28 12:31:23,604 - INFO - EPOCH 0: training on 85040 raw words (49889 effective words) took 0.8s, 65050 effective words/s
2025-04-28 12:31:24,375 - INFO - EPOCH 1: training on 85040 raw words (50029 effective words) took 0.8s, 65624 effective words/s
2025-04-28 12:31:25,134 - INFO - EPOCH 2: training on 85040 raw words (49977 effective words) took 0.8s, 66111 effective words/s
2025-04-28 12:31:25,907 - INFO - EPOCH 3: training on 85040 raw words (49882 effective words) took 0.8s, 64796 effective words/s
2025-04-28 12:31:26,687 - INFO - EPOCH 4: training on 85040 raw words (49937 effective words) took 0.8s, 64678 effective words/s
2025-04-28 12:31:26,687 - INFO - Word2Vec lifecycle event {'msg': 'training on 425200 raw words (249714 effective words) took 3.9s, 64713 effective words/s', 'datetime': '2025-04-28T12:31:26.687705', 'gensim': '4.3.3', 'python': '3.8.20 | packaged by conda-forge | (default, Sep 30 2024, 17:52:49) \n[GCC 13.3.0]', 'platform': 'Linux-5.15.0-136-generic-x86_64-with-glibc2.17', 'event': 'train'}
2025-04-28 12:31:26,687 - INFO - Word2Vec lifecycle event {'params': 'Word2Vec<vocab=854, vector_size=1280, alpha=0.025>', 'datetime': '2025-04-28T12:31:26.687797', 'gensim': '4.3.3', 'python': '3.8.20 | packaged by conda-forge | (default, Sep 30 2024, 17:52:49) \n[GCC 13.3.0]', 'platform': 'Linux-5.15.0-136-generic-x86_64-with-glibc2.17', 'event': 'created'}
2025-04-28 12:31:26,812 - INFO - 处理第 1/5 折
2025-04-28 12:31:30,762 - INFO - Fold 1, Epoch 1/100, Training Loss: 0.0575
2025-04-28 12:31:33,949 - INFO - Fold 1, Epoch 2/100, Training Loss: 0.0212
2025-04-28 12:31:36,968 - INFO - Fold 1, Epoch 3/100, Training Loss: 0.0206
2025-04-28 12:31:39,922 - INFO - Fold 1, Epoch 4/100, Training Loss: 0.0202
2025-04-28 12:31:42,834 - INFO - Fold 1, Epoch 5/100, Training Loss: 0.0198
2025-04-28 12:31:45,808 - INFO - Fold 1, Epoch 6/100, Training Loss: 0.0195
2025-04-28 12:31:48,801 - INFO - Fold 1, Epoch 7/100, Training Loss: 0.0192
2025-04-28 12:31:51,770 - INFO - Fold 1, Epoch 8/100, Training Loss: 0.0189
2025-04-28 12:31:54,745 - INFO - Fold 1, Epoch 9/100, Training Loss: 0.0186
2025-04-28 12:31:57,749 - INFO - Fold 1, Epoch 10/100, Training Loss: 0.0182
2025-04-28 12:32:00,713 - INFO - Fold 1, Epoch 11/100, Training Loss: 0.0180
2025-04-28 12:32:03,677 - INFO - Fold 1, Epoch 12/100, Training Loss: 0.0178
2025-04-28 12:32:06,744 - INFO - Fold 1, Epoch 13/100, Training Loss: 0.0176
2025-04-28 12:32:09,757 - INFO - Fold 1, Epoch 14/100, Training Loss: 0.0173
2025-04-28 12:32:12,697 - INFO - Fold 1, Epoch 15/100, Training Loss: 0.0171
2025-04-28 12:32:15,646 - INFO - Fold 1, Epoch 16/100, Training Loss: 0.0169
2025-04-28 12:32:18,586 - INFO - Fold 1, Epoch 17/100, Training Loss: 0.0165
2025-04-28 12:32:21,594 - INFO - Fold 1, Epoch 18/100, Training Loss: 0.0163
2025-04-28 12:32:24,603 - INFO - Fold 1, Epoch 19/100, Training Loss: 0.0162
2025-04-28 12:32:27,584 - INFO - Fold 1, Epoch 20/100, Training Loss: 0.0160
2025-04-28 12:32:30,639 - INFO - Fold 1, Epoch 21/100, Training Loss: 0.0158
2025-04-28 12:32:33,605 - INFO - Fold 1, Epoch 22/100, Training Loss: 0.0156
2025-04-28 12:32:36,565 - INFO - Fold 1, Epoch 23/100, Training Loss: 0.0154
2025-04-28 12:32:39,524 - INFO - Fold 1, Epoch 24/100, Training Loss: 0.0153
2025-04-28 12:32:42,569 - INFO - Fold 1, Epoch 25/100, Training Loss: 0.0152
2025-04-28 12:32:45,580 - INFO - Fold 1, Epoch 26/100, Training Loss: 0.0150
2025-04-28 12:32:48,512 - INFO - Fold 1, Epoch 27/100, Training Loss: 0.0148
2025-04-28 12:32:51,537 - INFO - Fold 1, Epoch 28/100, Training Loss: 0.0146
2025-04-28 12:32:54,601 - INFO - Fold 1, Epoch 29/100, Training Loss: 0.0146
2025-04-28 12:32:57,547 - INFO - Fold 1, Epoch 30/100, Training Loss: 0.0145
2025-04-28 12:33:00,499 - INFO - Fold 1, Epoch 31/100, Training Loss: 0.0142
2025-04-28 12:33:03,480 - INFO - Fold 1, Epoch 32/100, Training Loss: 0.0141
2025-04-28 12:33:06,463 - INFO - Fold 1, Epoch 33/100, Training Loss: 0.0139
2025-04-28 12:33:09,410 - INFO - Fold 1, Epoch 34/100, Training Loss: 0.0140
2025-04-28 12:33:12,394 - INFO - Fold 1, Epoch 35/100, Training Loss: 0.0138
2025-04-28 12:33:15,346 - INFO - Fold 1, Epoch 36/100, Training Loss: 0.0135
2025-04-28 12:33:18,321 - INFO - Fold 1, Epoch 37/100, Training Loss: 0.0135
2025-04-28 12:33:21,355 - INFO - Fold 1, Epoch 38/100, Training Loss: 0.0134
2025-04-28 12:33:24,312 - INFO - Fold 1, Epoch 39/100, Training Loss: 0.0133
2025-04-28 12:33:27,310 - INFO - Fold 1, Epoch 40/100, Training Loss: 0.0132
2025-04-28 12:33:30,282 - INFO - Fold 1, Epoch 41/100, Training Loss: 0.0130
2025-04-28 12:33:33,312 - INFO - Fold 1, Epoch 42/100, Training Loss: 0.0130
2025-04-28 12:33:36,324 - INFO - Fold 1, Epoch 43/100, Training Loss: 0.0127
2025-04-28 12:33:39,270 - INFO - Fold 1, Epoch 44/100, Training Loss: 0.0127
2025-04-28 12:33:42,336 - INFO - Fold 1, Epoch 45/100, Training Loss: 0.0126
2025-04-28 12:33:45,439 - INFO - Fold 1, Epoch 46/100, Training Loss: 0.0125
2025-04-28 12:33:48,479 - INFO - Fold 1, Epoch 47/100, Training Loss: 0.0123
2025-04-28 12:33:51,653 - INFO - Fold 1, Epoch 48/100, Training Loss: 0.0124
2025-04-28 12:33:54,753 - INFO - Fold 1, Epoch 49/100, Training Loss: 0.0122
2025-04-28 12:33:57,762 - INFO - Fold 1, Epoch 50/100, Training Loss: 0.0121
2025-04-28 12:34:00,805 - INFO - Fold 1, Epoch 51/100, Training Loss: 0.0120
2025-04-28 12:34:03,901 - INFO - Fold 1, Epoch 52/100, Training Loss: 0.0120
2025-04-28 12:34:06,874 - INFO - Fold 1, Epoch 53/100, Training Loss: 0.0120
2025-04-28 12:34:09,905 - INFO - Fold 1, Epoch 54/100, Training Loss: 0.0118
2025-04-28 12:34:12,977 - INFO - Fold 1, Epoch 55/100, Training Loss: 0.0117
2025-04-28 12:34:16,018 - INFO - Fold 1, Epoch 56/100, Training Loss: 0.0116
2025-04-28 12:34:19,021 - INFO - Fold 1, Epoch 57/100, Training Loss: 0.0116
2025-04-28 12:34:22,074 - INFO - Fold 1, Epoch 58/100, Training Loss: 0.0114
2025-04-28 12:34:25,130 - INFO - Fold 1, Epoch 59/100, Training Loss: 0.0114
2025-04-28 12:34:28,179 - INFO - Fold 1, Epoch 60/100, Training Loss: 0.0114
2025-04-28 12:34:31,175 - INFO - Fold 1, Epoch 61/100, Training Loss: 0.0113
2025-04-28 12:34:34,188 - INFO - Fold 1, Epoch 62/100, Training Loss: 0.0112
2025-04-28 12:34:37,257 - INFO - Fold 1, Epoch 63/100, Training Loss: 0.0111
2025-04-28 12:34:40,246 - INFO - Fold 1, Epoch 64/100, Training Loss: 0.0111
2025-04-28 12:34:43,201 - INFO - Fold 1, Epoch 65/100, Training Loss: 0.0110
2025-04-28 12:34:46,390 - INFO - Fold 1, Epoch 66/100, Training Loss: 0.0109
2025-04-28 12:34:49,661 - INFO - Fold 1, Epoch 67/100, Training Loss: 0.0109
2025-04-28 12:34:52,655 - INFO - Fold 1, Epoch 68/100, Training Loss: 0.0107
2025-04-28 12:34:55,667 - INFO - Fold 1, Epoch 69/100, Training Loss: 0.0108
2025-04-28 12:34:58,723 - INFO - Fold 1, Epoch 70/100, Training Loss: 0.0107
2025-04-28 12:35:01,883 - INFO - Fold 1, Epoch 71/100, Training Loss: 0.0107
2025-04-28 12:35:05,065 - INFO - Fold 1, Epoch 72/100, Training Loss: 0.0106
2025-04-28 12:35:08,013 - INFO - Fold 1, Epoch 73/100, Training Loss: 0.0105
2025-04-28 12:35:11,053 - INFO - Fold 1, Epoch 74/100, Training Loss: 0.0104
2025-04-28 12:35:14,085 - INFO - Fold 1, Epoch 75/100, Training Loss: 0.0104
2025-04-28 12:35:17,402 - INFO - Fold 1, Epoch 76/100, Training Loss: 0.0103
2025-04-28 12:35:20,481 - INFO - Fold 1, Epoch 77/100, Training Loss: 0.0104
2025-04-28 12:35:23,652 - INFO - Fold 1, Epoch 78/100, Training Loss: 0.0102
2025-04-28 12:35:26,865 - INFO - Fold 1, Epoch 79/100, Training Loss: 0.0102
2025-04-28 12:35:29,917 - INFO - Fold 1, Epoch 80/100, Training Loss: 0.0102
2025-04-28 12:35:33,009 - INFO - Fold 1, Epoch 81/100, Training Loss: 0.0100
2025-04-28 12:35:36,188 - INFO - Fold 1, Epoch 82/100, Training Loss: 0.0101
2025-04-28 12:35:39,419 - INFO - Fold 1, Epoch 83/100, Training Loss: 0.0100
2025-04-28 12:35:42,597 - INFO - Fold 1, Epoch 84/100, Training Loss: 0.0099
2025-04-28 12:35:45,690 - INFO - Fold 1, Epoch 85/100, Training Loss: 0.0099
2025-04-28 12:35:48,841 - INFO - Fold 1, Epoch 86/100, Training Loss: 0.0099
2025-04-28 12:35:51,930 - INFO - Fold 1, Epoch 87/100, Training Loss: 0.0097
2025-04-28 12:35:54,941 - INFO - Fold 1, Epoch 88/100, Training Loss: 0.0097
2025-04-28 12:35:58,165 - INFO - Fold 1, Epoch 89/100, Training Loss: 0.0096
2025-04-28 12:36:01,280 - INFO - Fold 1, Epoch 90/100, Training Loss: 0.0097
2025-04-28 12:36:04,539 - INFO - Fold 1, Epoch 91/100, Training Loss: 0.0097
2025-04-28 12:36:07,847 - INFO - Fold 1, Epoch 92/100, Training Loss: 0.0096
2025-04-28 12:36:10,996 - INFO - Fold 1, Epoch 93/100, Training Loss: 0.0097
2025-04-28 12:36:14,093 - INFO - Fold 1, Epoch 94/100, Training Loss: 0.0094
2025-04-28 12:36:17,161 - INFO - Fold 1, Epoch 95/100, Training Loss: 0.0094
2025-04-28 12:36:20,421 - INFO - Fold 1, Epoch 96/100, Training Loss: 0.0093
2025-04-28 12:36:23,582 - INFO - Fold 1, Epoch 97/100, Training Loss: 0.0093
2025-04-28 12:36:26,998 - INFO - Fold 1, Epoch 98/100, Training Loss: 0.0093
2025-04-28 12:36:30,368 - INFO - Fold 1, Epoch 99/100, Training Loss: 0.0092
2025-04-28 12:36:33,497 - INFO - Fold 1, Epoch 100/100, Training Loss: 0.0092
2025-04-28 12:36:34,181 - INFO - 处理第 2/5 折
2025-04-28 12:36:37,334 - INFO - Fold 2, Epoch 1/100, Training Loss: 0.0578
2025-04-28 12:36:40,318 - INFO - Fold 2, Epoch 2/100, Training Loss: 0.0213
2025-04-28 12:36:43,487 - INFO - Fold 2, Epoch 3/100, Training Loss: 0.0207
2025-04-28 12:36:46,629 - INFO - Fold 2, Epoch 4/100, Training Loss: 0.0204
2025-04-28 12:36:49,691 - INFO - Fold 2, Epoch 5/100, Training Loss: 0.0200
2025-04-28 12:36:52,817 - INFO - Fold 2, Epoch 6/100, Training Loss: 0.0196
2025-04-28 12:36:55,971 - INFO - Fold 2, Epoch 7/100, Training Loss: 0.0194
2025-04-28 12:36:59,022 - INFO - Fold 2, Epoch 8/100, Training Loss: 0.0190
2025-04-28 12:37:02,025 - INFO - Fold 2, Epoch 9/100, Training Loss: 0.0188
2025-04-28 12:37:05,031 - INFO - Fold 2, Epoch 10/100, Training Loss: 0.0184
2025-04-28 12:37:08,053 - INFO - Fold 2, Epoch 11/100, Training Loss: 0.0182
2025-04-28 12:37:10,996 - INFO - Fold 2, Epoch 12/100, Training Loss: 0.0179
2025-04-28 12:37:14,017 - INFO - Fold 2, Epoch 13/100, Training Loss: 0.0178
2025-04-28 12:37:17,067 - INFO - Fold 2, Epoch 14/100, Training Loss: 0.0174
2025-04-28 12:37:20,082 - INFO - Fold 2, Epoch 15/100, Training Loss: 0.0173
2025-04-28 12:37:23,083 - INFO - Fold 2, Epoch 16/100, Training Loss: 0.0170
2025-04-28 12:37:26,044 - INFO - Fold 2, Epoch 17/100, Training Loss: 0.0168
2025-04-28 12:37:29,064 - INFO - Fold 2, Epoch 18/100, Training Loss: 0.0166
2025-04-28 12:37:32,101 - INFO - Fold 2, Epoch 19/100, Training Loss: 0.0164
2025-04-28 12:37:35,112 - INFO - Fold 2, Epoch 20/100, Training Loss: 0.0161
2025-04-28 12:37:38,177 - INFO - Fold 2, Epoch 21/100, Training Loss: 0.0161
2025-04-28 12:37:41,107 - INFO - Fold 2, Epoch 22/100, Training Loss: 0.0158
2025-04-28 12:37:44,083 - INFO - Fold 2, Epoch 23/100, Training Loss: 0.0156
2025-04-28 12:37:47,130 - INFO - Fold 2, Epoch 24/100, Training Loss: 0.0154
2025-04-28 12:37:50,114 - INFO - Fold 2, Epoch 25/100, Training Loss: 0.0153
2025-04-28 12:37:53,071 - INFO - Fold 2, Epoch 26/100, Training Loss: 0.0151
2025-04-28 12:37:56,077 - INFO - Fold 2, Epoch 27/100, Training Loss: 0.0149
2025-04-28 12:37:59,124 - INFO - Fold 2, Epoch 28/100, Training Loss: 0.0147
2025-04-28 12:38:02,135 - INFO - Fold 2, Epoch 29/100, Training Loss: 0.0146
2025-04-28 12:38:05,184 - INFO - Fold 2, Epoch 30/100, Training Loss: 0.0144
2025-04-28 12:38:08,185 - INFO - Fold 2, Epoch 31/100, Training Loss: 0.0143
2025-04-28 12:38:11,221 - INFO - Fold 2, Epoch 32/100, Training Loss: 0.0141
2025-04-28 12:38:14,374 - INFO - Fold 2, Epoch 33/100, Training Loss: 0.0140
2025-04-28 12:38:17,432 - INFO - Fold 2, Epoch 34/100, Training Loss: 0.0138
2025-04-28 12:38:20,481 - INFO - Fold 2, Epoch 35/100, Training Loss: 0.0137
2025-04-28 12:38:23,509 - INFO - Fold 2, Epoch 36/100, Training Loss: 0.0137
2025-04-28 12:38:26,530 - INFO - Fold 2, Epoch 37/100, Training Loss: 0.0135
2025-04-28 12:38:29,502 - INFO - Fold 2, Epoch 38/100, Training Loss: 0.0134
2025-04-28 12:38:32,486 - INFO - Fold 2, Epoch 39/100, Training Loss: 0.0132
2025-04-28 12:38:35,515 - INFO - Fold 2, Epoch 40/100, Training Loss: 0.0131
2025-04-28 12:38:38,536 - INFO - Fold 2, Epoch 41/100, Training Loss: 0.0131
2025-04-28 12:38:41,516 - INFO - Fold 2, Epoch 42/100, Training Loss: 0.0130
2025-04-28 12:38:44,514 - INFO - Fold 2, Epoch 43/100, Training Loss: 0.0128
2025-04-28 12:38:47,537 - INFO - Fold 2, Epoch 44/100, Training Loss: 0.0127
2025-04-28 12:38:50,556 - INFO - Fold 2, Epoch 45/100, Training Loss: 0.0126
2025-04-28 12:38:53,564 - INFO - Fold 2, Epoch 46/100, Training Loss: 0.0127
2025-04-28 12:38:56,710 - INFO - Fold 2, Epoch 47/100, Training Loss: 0.0125
2025-04-28 12:38:59,730 - INFO - Fold 2, Epoch 48/100, Training Loss: 0.0124
2025-04-28 12:39:02,774 - INFO - Fold 2, Epoch 49/100, Training Loss: 0.0122
2025-04-28 12:39:05,908 - INFO - Fold 2, Epoch 50/100, Training Loss: 0.0121
2025-04-28 12:39:08,926 - INFO - Fold 2, Epoch 51/100, Training Loss: 0.0121
2025-04-28 12:39:11,964 - INFO - Fold 2, Epoch 52/100, Training Loss: 0.0120
2025-04-28 12:39:14,976 - INFO - Fold 2, Epoch 53/100, Training Loss: 0.0119
2025-04-28 12:39:17,949 - INFO - Fold 2, Epoch 54/100, Training Loss: 0.0118
2025-04-28 12:39:20,985 - INFO - Fold 2, Epoch 55/100, Training Loss: 0.0118
2025-04-28 12:39:23,981 - INFO - Fold 2, Epoch 56/100, Training Loss: 0.0116
2025-04-28 12:39:26,984 - INFO - Fold 2, Epoch 57/100, Training Loss: 0.0117
2025-04-28 12:39:29,994 - INFO - Fold 2, Epoch 58/100, Training Loss: 0.0115
2025-04-28 12:39:33,003 - INFO - Fold 2, Epoch 59/100, Training Loss: 0.0114
2025-04-28 12:39:36,001 - INFO - Fold 2, Epoch 60/100, Training Loss: 0.0114
2025-04-28 12:39:39,041 - INFO - Fold 2, Epoch 61/100, Training Loss: 0.0113
2025-04-28 12:39:42,049 - INFO - Fold 2, Epoch 62/100, Training Loss: 0.0112
2025-04-28 12:39:45,049 - INFO - Fold 2, Epoch 63/100, Training Loss: 0.0111
2025-04-28 12:39:48,087 - INFO - Fold 2, Epoch 64/100, Training Loss: 0.0112
2025-04-28 12:39:51,118 - INFO - Fold 2, Epoch 65/100, Training Loss: 0.0110
2025-04-28 12:39:54,107 - INFO - Fold 2, Epoch 66/100, Training Loss: 0.0110
2025-04-28 12:39:57,219 - INFO - Fold 2, Epoch 67/100, Training Loss: 0.0110
2025-04-28 12:40:00,250 - INFO - Fold 2, Epoch 68/100, Training Loss: 0.0108
2025-04-28 12:40:03,235 - INFO - Fold 2, Epoch 69/100, Training Loss: 0.0107
2025-04-28 12:40:06,326 - INFO - Fold 2, Epoch 70/100, Training Loss: 0.0107
2025-04-28 12:40:09,358 - INFO - Fold 2, Epoch 71/100, Training Loss: 0.0107
2025-04-28 12:40:12,363 - INFO - Fold 2, Epoch 72/100, Training Loss: 0.0106
2025-04-28 12:40:15,474 - INFO - Fold 2, Epoch 73/100, Training Loss: 0.0106
2025-04-28 12:40:18,580 - INFO - Fold 2, Epoch 74/100, Training Loss: 0.0106
2025-04-28 12:40:21,574 - INFO - Fold 2, Epoch 75/100, Training Loss: 0.0105
2025-04-28 12:40:24,579 - INFO - Fold 2, Epoch 76/100, Training Loss: 0.0104
2025-04-28 12:40:27,610 - INFO - Fold 2, Epoch 77/100, Training Loss: 0.0104
2025-04-28 12:40:30,605 - INFO - Fold 2, Epoch 78/100, Training Loss: 0.0103
2025-04-28 12:40:33,649 - INFO - Fold 2, Epoch 79/100, Training Loss: 0.0102
2025-04-28 12:40:36,607 - INFO - Fold 2, Epoch 80/100, Training Loss: 0.0103
2025-04-28 12:40:39,673 - INFO - Fold 2, Epoch 81/100, Training Loss: 0.0101
2025-04-28 12:40:42,679 - INFO - Fold 2, Epoch 82/100, Training Loss: 0.0101
2025-04-28 12:40:45,677 - INFO - Fold 2, Epoch 83/100, Training Loss: 0.0100
2025-04-28 12:40:48,644 - INFO - Fold 2, Epoch 84/100, Training Loss: 0.0101
2025-04-28 12:40:51,621 - INFO - Fold 2, Epoch 85/100, Training Loss: 0.0100
2025-04-28 12:40:54,679 - INFO - Fold 2, Epoch 86/100, Training Loss: 0.0098
2025-04-28 12:40:57,730 - INFO - Fold 2, Epoch 87/100, Training Loss: 0.0098
2025-04-28 12:41:00,735 - INFO - Fold 2, Epoch 88/100, Training Loss: 0.0098
2025-04-28 12:41:03,767 - INFO - Fold 2, Epoch 89/100, Training Loss: 0.0098
2025-04-28 12:41:06,781 - INFO - Fold 2, Epoch 90/100, Training Loss: 0.0097
2025-04-28 12:41:09,761 - INFO - Fold 2, Epoch 91/100, Training Loss: 0.0096
2025-04-28 12:41:12,764 - INFO - Fold 2, Epoch 92/100, Training Loss: 0.0097
2025-04-28 12:41:15,769 - INFO - Fold 2, Epoch 93/100, Training Loss: 0.0096
2025-04-28 12:41:18,741 - INFO - Fold 2, Epoch 94/100, Training Loss: 0.0095
2025-04-28 12:41:21,758 - INFO - Fold 2, Epoch 95/100, Training Loss: 0.0095
2025-04-28 12:41:24,752 - INFO - Fold 2, Epoch 96/100, Training Loss: 0.0095
2025-04-28 12:41:27,821 - INFO - Fold 2, Epoch 97/100, Training Loss: 0.0094
2025-04-28 12:41:30,813 - INFO - Fold 2, Epoch 98/100, Training Loss: 0.0094
2025-04-28 12:41:33,893 - INFO - Fold 2, Epoch 99/100, Training Loss: 0.0094
2025-04-28 12:41:37,004 - INFO - Fold 2, Epoch 100/100, Training Loss: 0.0092
2025-04-28 12:41:37,684 - INFO - 处理第 3/5 折
2025-04-28 12:41:40,993 - INFO - Fold 3, Epoch 1/100, Training Loss: 0.0579
2025-04-28 12:41:44,297 - INFO - Fold 3, Epoch 2/100, Training Loss: 0.0214
2025-04-28 12:41:47,549 - INFO - Fold 3, Epoch 3/100, Training Loss: 0.0210
2025-04-28 12:41:50,815 - INFO - Fold 3, Epoch 4/100, Training Loss: 0.0207
2025-04-28 12:41:54,102 - INFO - Fold 3, Epoch 5/100, Training Loss: 0.0202
2025-04-28 12:41:57,233 - INFO - Fold 3, Epoch 6/100, Training Loss: 0.0198
2025-04-28 12:42:00,407 - INFO - Fold 3, Epoch 7/100, Training Loss: 0.0194
2025-04-28 12:42:03,663 - INFO - Fold 3, Epoch 8/100, Training Loss: 0.0192
2025-04-28 12:42:06,738 - INFO - Fold 3, Epoch 9/100, Training Loss: 0.0188
2025-04-28 12:42:09,990 - INFO - Fold 3, Epoch 10/100, Training Loss: 0.0185
2025-04-28 12:42:13,006 - INFO - Fold 3, Epoch 11/100, Training Loss: 0.0184
2025-04-28 12:42:16,153 - INFO - Fold 3, Epoch 12/100, Training Loss: 0.0180
2025-04-28 12:42:19,157 - INFO - Fold 3, Epoch 13/100, Training Loss: 0.0179
2025-04-28 12:42:22,144 - INFO - Fold 3, Epoch 14/100, Training Loss: 0.0175
2025-04-28 12:42:25,135 - INFO - Fold 3, Epoch 15/100, Training Loss: 0.0172
2025-04-28 12:42:28,130 - INFO - Fold 3, Epoch 16/100, Training Loss: 0.0172
2025-04-28 12:42:31,094 - INFO - Fold 3, Epoch 17/100, Training Loss: 0.0170
2025-04-28 12:42:34,192 - INFO - Fold 3, Epoch 18/100, Training Loss: 0.0166
2025-04-28 12:42:37,181 - INFO - Fold 3, Epoch 19/100, Training Loss: 0.0165
2025-04-28 12:42:40,181 - INFO - Fold 3, Epoch 20/100, Training Loss: 0.0163
2025-04-28 12:42:43,177 - INFO - Fold 3, Epoch 21/100, Training Loss: 0.0160
2025-04-28 12:42:46,180 - INFO - Fold 3, Epoch 22/100, Training Loss: 0.0159
2025-04-28 12:42:49,313 - INFO - Fold 3, Epoch 23/100, Training Loss: 0.0157
2025-04-28 12:42:52,392 - INFO - Fold 3, Epoch 24/100, Training Loss: 0.0155
2025-04-28 12:42:55,488 - INFO - Fold 3, Epoch 25/100, Training Loss: 0.0155
2025-04-28 12:42:58,492 - INFO - Fold 3, Epoch 26/100, Training Loss: 0.0153
2025-04-28 12:43:01,499 - INFO - Fold 3, Epoch 27/100, Training Loss: 0.0152
2025-04-28 12:43:04,589 - INFO - Fold 3, Epoch 28/100, Training Loss: 0.0150
2025-04-28 12:43:07,609 - INFO - Fold 3, Epoch 29/100, Training Loss: 0.0148
2025-04-28 12:43:10,627 - INFO - Fold 3, Epoch 30/100, Training Loss: 0.0146
2025-04-28 12:43:13,652 - INFO - Fold 3, Epoch 31/100, Training Loss: 0.0146
2025-04-28 12:43:16,733 - INFO - Fold 3, Epoch 32/100, Training Loss: 0.0143
2025-04-28 12:43:19,741 - INFO - Fold 3, Epoch 33/100, Training Loss: 0.0142
2025-04-28 12:43:22,725 - INFO - Fold 3, Epoch 34/100, Training Loss: 0.0141
2025-04-28 12:43:25,737 - INFO - Fold 3, Epoch 35/100, Training Loss: 0.0140
2025-04-28 12:43:28,746 - INFO - Fold 3, Epoch 36/100, Training Loss: 0.0139
2025-04-28 12:43:31,874 - INFO - Fold 3, Epoch 37/100, Training Loss: 0.0137
2025-04-28 12:43:34,934 - INFO - Fold 3, Epoch 38/100, Training Loss: 0.0135
2025-04-28 12:43:37,932 - INFO - Fold 3, Epoch 39/100, Training Loss: 0.0135
2025-04-28 12:43:40,911 - INFO - Fold 3, Epoch 40/100, Training Loss: 0.0133
2025-04-28 12:43:44,053 - INFO - Fold 3, Epoch 41/100, Training Loss: 0.0133
2025-04-28 12:43:47,006 - INFO - Fold 3, Epoch 42/100, Training Loss: 0.0133
2025-04-28 12:43:49,898 - INFO - Fold 3, Epoch 43/100, Training Loss: 0.0130
2025-04-28 12:43:52,809 - INFO - Fold 3, Epoch 44/100, Training Loss: 0.0130
2025-04-28 12:43:55,697 - INFO - Fold 3, Epoch 45/100, Training Loss: 0.0128
2025-04-28 12:43:58,597 - INFO - Fold 3, Epoch 46/100, Training Loss: 0.0127
2025-04-28 12:44:01,484 - INFO - Fold 3, Epoch 47/100, Training Loss: 0.0126
2025-04-28 12:44:04,360 - INFO - Fold 3, Epoch 48/100, Training Loss: 0.0127
2025-04-28 12:44:07,252 - INFO - Fold 3, Epoch 49/100, Training Loss: 0.0125
2025-04-28 12:44:10,137 - INFO - Fold 3, Epoch 50/100, Training Loss: 0.0124
2025-04-28 12:44:13,030 - INFO - Fold 3, Epoch 51/100, Training Loss: 0.0123
2025-04-28 12:44:15,929 - INFO - Fold 3, Epoch 52/100, Training Loss: 0.0123
2025-04-28 12:44:18,822 - INFO - Fold 3, Epoch 53/100, Training Loss: 0.0122
2025-04-28 12:44:21,699 - INFO - Fold 3, Epoch 54/100, Training Loss: 0.0122
2025-04-28 12:44:24,573 - INFO - Fold 3, Epoch 55/100, Training Loss: 0.0120
2025-04-28 12:44:27,454 - INFO - Fold 3, Epoch 56/100, Training Loss: 0.0119
2025-04-28 12:44:30,529 - INFO - Fold 3, Epoch 57/100, Training Loss: 0.0118
2025-04-28 12:44:33,485 - INFO - Fold 3, Epoch 58/100, Training Loss: 0.0117
2025-04-28 12:44:36,513 - INFO - Fold 3, Epoch 59/100, Training Loss: 0.0116
2025-04-28 12:44:39,400 - INFO - Fold 3, Epoch 60/100, Training Loss: 0.0116
2025-04-28 12:44:42,272 - INFO - Fold 3, Epoch 61/100, Training Loss: 0.0115
2025-04-28 12:44:45,158 - INFO - Fold 3, Epoch 62/100, Training Loss: 0.0114
2025-04-28 12:44:48,077 - INFO - Fold 3, Epoch 63/100, Training Loss: 0.0113
2025-04-28 12:44:50,974 - INFO - Fold 3, Epoch 64/100, Training Loss: 0.0114
2025-04-28 12:44:53,865 - INFO - Fold 3, Epoch 65/100, Training Loss: 0.0114
2025-04-28 12:44:56,759 - INFO - Fold 3, Epoch 66/100, Training Loss: 0.0112
2025-04-28 12:44:59,635 - INFO - Fold 3, Epoch 67/100, Training Loss: 0.0111
2025-04-28 12:45:02,516 - INFO - Fold 3, Epoch 68/100, Training Loss: 0.0111
2025-04-28 12:45:05,418 - INFO - Fold 3, Epoch 69/100, Training Loss: 0.0110
2025-04-28 12:45:08,306 - INFO - Fold 3, Epoch 70/100, Training Loss: 0.0109
2025-04-28 12:45:11,209 - INFO - Fold 3, Epoch 71/100, Training Loss: 0.0109
2025-04-28 12:45:14,124 - INFO - Fold 3, Epoch 72/100, Training Loss: 0.0108
2025-04-28 12:45:17,050 - INFO - Fold 3, Epoch 73/100, Training Loss: 0.0109
2025-04-28 12:45:19,951 - INFO - Fold 3, Epoch 74/100, Training Loss: 0.0108
2025-04-28 12:45:22,877 - INFO - Fold 3, Epoch 75/100, Training Loss: 0.0109
2025-04-28 12:45:25,799 - INFO - Fold 3, Epoch 76/100, Training Loss: 0.0106
2025-04-28 12:45:28,749 - INFO - Fold 3, Epoch 77/100, Training Loss: 0.0106
2025-04-28 12:45:31,642 - INFO - Fold 3, Epoch 78/100, Training Loss: 0.0105
2025-04-28 12:45:34,511 - INFO - Fold 3, Epoch 79/100, Training Loss: 0.0105
2025-04-28 12:45:37,406 - INFO - Fold 3, Epoch 80/100, Training Loss: 0.0104
2025-04-28 12:45:40,302 - INFO - Fold 3, Epoch 81/100, Training Loss: 0.0105
2025-04-28 12:45:43,273 - INFO - Fold 3, Epoch 82/100, Training Loss: 0.0107
2025-04-28 12:45:46,228 - INFO - Fold 3, Epoch 83/100, Training Loss: 0.0104
2025-04-28 12:45:49,146 - INFO - Fold 3, Epoch 84/100, Training Loss: 0.0103
2025-04-28 12:45:52,089 - INFO - Fold 3, Epoch 85/100, Training Loss: 0.0101
2025-04-28 12:45:54,956 - INFO - Fold 3, Epoch 86/100, Training Loss: 0.0101
2025-04-28 12:45:57,825 - INFO - Fold 3, Epoch 87/100, Training Loss: 0.0102
2025-04-28 12:46:00,740 - INFO - Fold 3, Epoch 88/100, Training Loss: 0.0101
2025-04-28 12:46:03,621 - INFO - Fold 3, Epoch 89/100, Training Loss: 0.0099
2025-04-28 12:46:06,520 - INFO - Fold 3, Epoch 90/100, Training Loss: 0.0100
2025-04-28 12:46:09,402 - INFO - Fold 3, Epoch 91/100, Training Loss: 0.0104
2025-04-28 12:46:12,294 - INFO - Fold 3, Epoch 92/100, Training Loss: 0.0100
2025-04-28 12:46:15,252 - INFO - Fold 3, Epoch 93/100, Training Loss: 0.0098
2025-04-28 12:46:18,141 - INFO - Fold 3, Epoch 94/100, Training Loss: 0.0098
2025-04-28 12:46:21,065 - INFO - Fold 3, Epoch 95/100, Training Loss: 0.0097
2025-04-28 12:46:23,996 - INFO - Fold 3, Epoch 96/100, Training Loss: 0.0098
2025-04-28 12:46:26,881 - INFO - Fold 3, Epoch 97/100, Training Loss: 0.0096
2025-04-28 12:46:29,811 - INFO - Fold 3, Epoch 98/100, Training Loss: 0.0096
2025-04-28 12:46:32,739 - INFO - Fold 3, Epoch 99/100, Training Loss: 0.0096
2025-04-28 12:46:35,656 - INFO - Fold 3, Epoch 100/100, Training Loss: 0.0094
2025-04-28 12:46:36,340 - INFO - 处理第 4/5 折
2025-04-28 12:46:39,229 - INFO - Fold 4, Epoch 1/100, Training Loss: 0.0576
2025-04-28 12:46:42,100 - INFO - Fold 4, Epoch 2/100, Training Loss: 0.0213
2025-04-28 12:46:44,984 - INFO - Fold 4, Epoch 3/100, Training Loss: 0.0208
2025-04-28 12:46:47,913 - INFO - Fold 4, Epoch 4/100, Training Loss: 0.0205
2025-04-28 12:46:50,816 - INFO - Fold 4, Epoch 5/100, Training Loss: 0.0201
2025-04-28 12:46:53,716 - INFO - Fold 4, Epoch 6/100, Training Loss: 0.0197
2025-04-28 12:46:56,632 - INFO - Fold 4, Epoch 7/100, Training Loss: 0.0194
2025-04-28 12:46:59,531 - INFO - Fold 4, Epoch 8/100, Training Loss: 0.0191
2025-04-28 12:47:02,529 - INFO - Fold 4, Epoch 9/100, Training Loss: 0.0188
2025-04-28 12:47:05,414 - INFO - Fold 4, Epoch 10/100, Training Loss: 0.0186
2025-04-28 12:47:08,472 - INFO - Fold 4, Epoch 11/100, Training Loss: 0.0182
2025-04-28 12:47:11,477 - INFO - Fold 4, Epoch 12/100, Training Loss: 0.0179
2025-04-28 12:47:14,404 - INFO - Fold 4, Epoch 13/100, Training Loss: 0.0178
2025-04-28 12:47:17,292 - INFO - Fold 4, Epoch 14/100, Training Loss: 0.0175
2025-04-28 12:47:20,174 - INFO - Fold 4, Epoch 15/100, Training Loss: 0.0173
2025-04-28 12:47:23,058 - INFO - Fold 4, Epoch 16/100, Training Loss: 0.0171
2025-04-28 12:47:26,083 - INFO - Fold 4, Epoch 17/100, Training Loss: 0.0168
2025-04-28 12:47:29,154 - INFO - Fold 4, Epoch 18/100, Training Loss: 0.0167
2025-04-28 12:47:32,050 - INFO - Fold 4, Epoch 19/100, Training Loss: 0.0164
2025-04-28 12:47:34,948 - INFO - Fold 4, Epoch 20/100, Training Loss: 0.0164
2025-04-28 12:47:37,846 - INFO - Fold 4, Epoch 21/100, Training Loss: 0.0161
2025-04-28 12:47:40,734 - INFO - Fold 4, Epoch 22/100, Training Loss: 0.0159
2025-04-28 12:47:43,612 - INFO - Fold 4, Epoch 23/100, Training Loss: 0.0156
2025-04-28 12:47:46,468 - INFO - Fold 4, Epoch 24/100, Training Loss: 0.0155
2025-04-28 12:47:49,362 - INFO - Fold 4, Epoch 25/100, Training Loss: 0.0153
2025-04-28 12:47:52,254 - INFO - Fold 4, Epoch 26/100, Training Loss: 0.0152
2025-04-28 12:47:55,166 - INFO - Fold 4, Epoch 27/100, Training Loss: 0.0151
2025-04-28 12:47:58,056 - INFO - Fold 4, Epoch 28/100, Training Loss: 0.0149
2025-04-28 12:48:01,077 - INFO - Fold 4, Epoch 29/100, Training Loss: 0.0148
2025-04-28 12:48:04,211 - INFO - Fold 4, Epoch 30/100, Training Loss: 0.0146
2025-04-28 12:48:07,301 - INFO - Fold 4, Epoch 31/100, Training Loss: 0.0145
2025-04-28 12:48:10,401 - INFO - Fold 4, Epoch 32/100, Training Loss: 0.0144
2025-04-28 12:48:13,506 - INFO - Fold 4, Epoch 33/100, Training Loss: 0.0142
2025-04-28 12:48:16,616 - INFO - Fold 4, Epoch 34/100, Training Loss: 0.0141
2025-04-28 12:48:19,751 - INFO - Fold 4, Epoch 35/100, Training Loss: 0.0139
2025-04-28 12:48:22,899 - INFO - Fold 4, Epoch 36/100, Training Loss: 0.0139
2025-04-28 12:48:25,895 - INFO - Fold 4, Epoch 37/100, Training Loss: 0.0137
2025-04-28 12:48:28,844 - INFO - Fold 4, Epoch 38/100, Training Loss: 0.0136
2025-04-28 12:48:31,757 - INFO - Fold 4, Epoch 39/100, Training Loss: 0.0134
2025-04-28 12:48:34,639 - INFO - Fold 4, Epoch 40/100, Training Loss: 0.0134
2025-04-28 12:48:37,517 - INFO - Fold 4, Epoch 41/100, Training Loss: 0.0132
2025-04-28 12:48:40,405 - INFO - Fold 4, Epoch 42/100, Training Loss: 0.0131
2025-04-28 12:48:43,294 - INFO - Fold 4, Epoch 43/100, Training Loss: 0.0131
2025-04-28 12:48:46,189 - INFO - Fold 4, Epoch 44/100, Training Loss: 0.0132
2025-04-28 12:48:49,075 - INFO - Fold 4, Epoch 45/100, Training Loss: 0.0128
2025-04-28 12:48:51,986 - INFO - Fold 4, Epoch 46/100, Training Loss: 0.0127
2025-04-28 12:48:54,900 - INFO - Fold 4, Epoch 47/100, Training Loss: 0.0126
2025-04-28 12:48:57,814 - INFO - Fold 4, Epoch 48/100, Training Loss: 0.0124
2025-04-28 12:49:00,736 - INFO - Fold 4, Epoch 49/100, Training Loss: 0.0124
2025-04-28 12:49:03,610 - INFO - Fold 4, Epoch 50/100, Training Loss: 0.0123
2025-04-28 12:49:06,483 - INFO - Fold 4, Epoch 51/100, Training Loss: 0.0122
2025-04-28 12:49:09,414 - INFO - Fold 4, Epoch 52/100, Training Loss: 0.0122
2025-04-28 12:49:12,277 - INFO - Fold 4, Epoch 53/100, Training Loss: 0.0122
2025-04-28 12:49:15,165 - INFO - Fold 4, Epoch 54/100, Training Loss: 0.0119
2025-04-28 12:49:18,066 - INFO - Fold 4, Epoch 55/100, Training Loss: 0.0119
2025-04-28 12:49:20,944 - INFO - Fold 4, Epoch 56/100, Training Loss: 0.0118
2025-04-28 12:49:23,873 - INFO - Fold 4, Epoch 57/100, Training Loss: 0.0118
2025-04-28 12:49:26,777 - INFO - Fold 4, Epoch 58/100, Training Loss: 0.0117
2025-04-28 12:49:29,674 - INFO - Fold 4, Epoch 59/100, Training Loss: 0.0116
2025-04-28 12:49:32,578 - INFO - Fold 4, Epoch 60/100, Training Loss: 0.0115
2025-04-28 12:49:35,493 - INFO - Fold 4, Epoch 61/100, Training Loss: 0.0114
2025-04-28 12:49:38,395 - INFO - Fold 4, Epoch 62/100, Training Loss: 0.0114
2025-04-28 12:49:41,304 - INFO - Fold 4, Epoch 63/100, Training Loss: 0.0113
2025-04-28 12:49:44,339 - INFO - Fold 4, Epoch 64/100, Training Loss: 0.0113
2025-04-28 12:49:47,596 - INFO - Fold 4, Epoch 65/100, Training Loss: 0.0112
2025-04-28 12:49:50,738 - INFO - Fold 4, Epoch 66/100, Training Loss: 0.0110
2025-04-28 12:49:53,646 - INFO - Fold 4, Epoch 67/100, Training Loss: 0.0111
2025-04-28 12:49:56,539 - INFO - Fold 4, Epoch 68/100, Training Loss: 0.0111
2025-04-28 12:49:59,440 - INFO - Fold 4, Epoch 69/100, Training Loss: 0.0110
2025-04-28 12:50:02,355 - INFO - Fold 4, Epoch 70/100, Training Loss: 0.0109
2025-04-28 12:50:05,236 - INFO - Fold 4, Epoch 71/100, Training Loss: 0.0108
2025-04-28 12:50:08,153 - INFO - Fold 4, Epoch 72/100, Training Loss: 0.0110
2025-04-28 12:50:11,073 - INFO - Fold 4, Epoch 73/100, Training Loss: 0.0109
2025-04-28 12:50:14,329 - INFO - Fold 4, Epoch 74/100, Training Loss: 0.0107
2025-04-28 12:50:17,514 - INFO - Fold 4, Epoch 75/100, Training Loss: 0.0105
2025-04-28 12:50:20,866 - INFO - Fold 4, Epoch 76/100, Training Loss: 0.0106
2025-04-28 12:50:24,077 - INFO - Fold 4, Epoch 77/100, Training Loss: 0.0104
2025-04-28 12:50:27,419 - INFO - Fold 4, Epoch 78/100, Training Loss: 0.0104
2025-04-28 12:50:30,329 - INFO - Fold 4, Epoch 79/100, Training Loss: 0.0104
2025-04-28 12:50:33,246 - INFO - Fold 4, Epoch 80/100, Training Loss: 0.0103
2025-04-28 12:50:36,130 - INFO - Fold 4, Epoch 81/100, Training Loss: 0.0103
2025-04-28 12:50:39,017 - INFO - Fold 4, Epoch 82/100, Training Loss: 0.0102
2025-04-28 12:50:41,888 - INFO - Fold 4, Epoch 83/100, Training Loss: 0.0101
2025-04-28 12:50:44,786 - INFO - Fold 4, Epoch 84/100, Training Loss: 0.0102
2025-04-28 12:50:47,683 - INFO - Fold 4, Epoch 85/100, Training Loss: 0.0101
2025-04-28 12:50:50,587 - INFO - Fold 4, Epoch 86/100, Training Loss: 0.0099
2025-04-28 12:50:53,467 - INFO - Fold 4, Epoch 87/100, Training Loss: 0.0100
2025-04-28 12:50:56,333 - INFO - Fold 4, Epoch 88/100, Training Loss: 0.0102
2025-04-28 12:50:59,196 - INFO - Fold 4, Epoch 89/100, Training Loss: 0.0099
2025-04-28 12:51:02,102 - INFO - Fold 4, Epoch 90/100, Training Loss: 0.0098
2025-04-28 12:51:05,086 - INFO - Fold 4, Epoch 91/100, Training Loss: 0.0097
2025-04-28 12:51:07,978 - INFO - Fold 4, Epoch 92/100, Training Loss: 0.0098
2025-04-28 12:51:10,904 - INFO - Fold 4, Epoch 93/100, Training Loss: 0.0097
2025-04-28 12:51:13,844 - INFO - Fold 4, Epoch 94/100, Training Loss: 0.0096
2025-04-28 12:51:16,831 - INFO - Fold 4, Epoch 95/100, Training Loss: 0.0096
2025-04-28 12:51:19,742 - INFO - Fold 4, Epoch 96/100, Training Loss: 0.0095
2025-04-28 12:51:22,730 - INFO - Fold 4, Epoch 97/100, Training Loss: 0.0096
2025-04-28 12:51:25,829 - INFO - Fold 4, Epoch 98/100, Training Loss: 0.0095
2025-04-28 12:51:28,921 - INFO - Fold 4, Epoch 99/100, Training Loss: 0.0094
2025-04-28 12:51:31,988 - INFO - Fold 4, Epoch 100/100, Training Loss: 0.0094
2025-04-28 12:51:32,664 - INFO - 处理第 5/5 折
2025-04-28 12:51:35,537 - INFO - Fold 5, Epoch 1/100, Training Loss: 0.0585
2025-04-28 12:51:38,419 - INFO - Fold 5, Epoch 2/100, Training Loss: 0.0217
2025-04-28 12:51:41,315 - INFO - Fold 5, Epoch 3/100, Training Loss: 0.0211
2025-04-28 12:51:44,219 - INFO - Fold 5, Epoch 4/100, Training Loss: 0.0207
2025-04-28 12:51:47,159 - INFO - Fold 5, Epoch 5/100, Training Loss: 0.0203
2025-04-28 12:51:50,055 - INFO - Fold 5, Epoch 6/100, Training Loss: 0.0200
2025-04-28 12:51:52,959 - INFO - Fold 5, Epoch 7/100, Training Loss: 0.0197
2025-04-28 12:51:56,060 - INFO - Fold 5, Epoch 8/100, Training Loss: 0.0195
2025-04-28 12:51:59,095 - INFO - Fold 5, Epoch 9/100, Training Loss: 0.0192
2025-04-28 12:52:02,141 - INFO - Fold 5, Epoch 10/100, Training Loss: 0.0188
2025-04-28 12:52:05,077 - INFO - Fold 5, Epoch 11/100, Training Loss: 0.0185
2025-04-28 12:52:08,179 - INFO - Fold 5, Epoch 12/100, Training Loss: 0.0182
2025-04-28 12:52:11,263 - INFO - Fold 5, Epoch 13/100, Training Loss: 0.0180
2025-04-28 12:52:14,341 - INFO - Fold 5, Epoch 14/100, Training Loss: 0.0177
2025-04-28 12:52:17,390 - INFO - Fold 5, Epoch 15/100, Training Loss: 0.0175
2025-04-28 12:52:20,276 - INFO - Fold 5, Epoch 16/100, Training Loss: 0.0173
2025-04-28 12:52:23,165 - INFO - Fold 5, Epoch 17/100, Training Loss: 0.0171
2025-04-28 12:52:26,054 - INFO - Fold 5, Epoch 18/100, Training Loss: 0.0168
2025-04-28 12:52:28,926 - INFO - Fold 5, Epoch 19/100, Training Loss: 0.0167
2025-04-28 12:52:31,847 - INFO - Fold 5, Epoch 20/100, Training Loss: 0.0165
2025-04-28 12:52:34,716 - INFO - Fold 5, Epoch 21/100, Training Loss: 0.0162
2025-04-28 12:52:37,768 - INFO - Fold 5, Epoch 22/100, Training Loss: 0.0160
2025-04-28 12:52:40,698 - INFO - Fold 5, Epoch 23/100, Training Loss: 0.0158
2025-04-28 12:52:43,657 - INFO - Fold 5, Epoch 24/100, Training Loss: 0.0157
2025-04-28 12:52:46,547 - INFO - Fold 5, Epoch 25/100, Training Loss: 0.0156
2025-04-28 12:52:49,450 - INFO - Fold 5, Epoch 26/100, Training Loss: 0.0154
2025-04-28 12:52:52,351 - INFO - Fold 5, Epoch 27/100, Training Loss: 0.0152
2025-04-28 12:52:55,269 - INFO - Fold 5, Epoch 28/100, Training Loss: 0.0150
2025-04-28 12:52:58,175 - INFO - Fold 5, Epoch 29/100, Training Loss: 0.0148
2025-04-28 12:53:01,078 - INFO - Fold 5, Epoch 30/100, Training Loss: 0.0147
2025-04-28 12:53:04,014 - INFO - Fold 5, Epoch 31/100, Training Loss: 0.0146
2025-04-28 12:53:06,956 - INFO - Fold 5, Epoch 32/100, Training Loss: 0.0144
2025-04-28 12:53:09,816 - INFO - Fold 5, Epoch 33/100, Training Loss: 0.0142
2025-04-28 12:53:12,701 - INFO - Fold 5, Epoch 34/100, Training Loss: 0.0142
2025-04-28 12:53:15,589 - INFO - Fold 5, Epoch 35/100, Training Loss: 0.0139
2025-04-28 12:53:18,458 - INFO - Fold 5, Epoch 36/100, Training Loss: 0.0138
2025-04-28 12:53:21,328 - INFO - Fold 5, Epoch 37/100, Training Loss: 0.0137
2025-04-28 12:53:24,209 - INFO - Fold 5, Epoch 38/100, Training Loss: 0.0137
2025-04-28 12:53:27,100 - INFO - Fold 5, Epoch 39/100, Training Loss: 0.0135
2025-04-28 12:53:29,996 - INFO - Fold 5, Epoch 40/100, Training Loss: 0.0134
2025-04-28 12:53:32,890 - INFO - Fold 5, Epoch 41/100, Training Loss: 0.0133
2025-04-28 12:53:35,764 - INFO - Fold 5, Epoch 42/100, Training Loss: 0.0131
2025-04-28 12:53:38,630 - INFO - Fold 5, Epoch 43/100, Training Loss: 0.0131
2025-04-28 12:53:41,508 - INFO - Fold 5, Epoch 44/100, Training Loss: 0.0129
2025-04-28 12:53:44,427 - INFO - Fold 5, Epoch 45/100, Training Loss: 0.0128
2025-04-28 12:53:47,307 - INFO - Fold 5, Epoch 46/100, Training Loss: 0.0128
2025-04-28 12:53:50,254 - INFO - Fold 5, Epoch 47/100, Training Loss: 0.0127
2025-04-28 12:53:53,139 - INFO - Fold 5, Epoch 48/100, Training Loss: 0.0126
2025-04-28 12:53:56,083 - INFO - Fold 5, Epoch 49/100, Training Loss: 0.0124
2025-04-28 12:53:58,955 - INFO - Fold 5, Epoch 50/100, Training Loss: 0.0124
2025-04-28 12:54:01,816 - INFO - Fold 5, Epoch 51/100, Training Loss: 0.0123
2025-04-28 12:54:04,801 - INFO - Fold 5, Epoch 52/100, Training Loss: 0.0122
2025-04-28 12:54:07,686 - INFO - Fold 5, Epoch 53/100, Training Loss: 0.0121
2025-04-28 12:54:10,741 - INFO - Fold 5, Epoch 54/100, Training Loss: 0.0121
2025-04-28 12:54:13,601 - INFO - Fold 5, Epoch 55/100, Training Loss: 0.0118
2025-04-28 12:54:16,474 - INFO - Fold 5, Epoch 56/100, Training Loss: 0.0119
2025-04-28 12:54:19,324 - INFO - Fold 5, Epoch 57/100, Training Loss: 0.0118
2025-04-28 12:54:22,183 - INFO - Fold 5, Epoch 58/100, Training Loss: 0.0116
2025-04-28 12:54:25,139 - INFO - Fold 5, Epoch 59/100, Training Loss: 0.0116
2025-04-28 12:54:28,037 - INFO - Fold 5, Epoch 60/100, Training Loss: 0.0116
2025-04-28 12:54:30,953 - INFO - Fold 5, Epoch 61/100, Training Loss: 0.0115
2025-04-28 12:54:33,992 - INFO - Fold 5, Epoch 62/100, Training Loss: 0.0113
2025-04-28 12:54:36,865 - INFO - Fold 5, Epoch 63/100, Training Loss: 0.0114
2025-04-28 12:54:39,751 - INFO - Fold 5, Epoch 64/100, Training Loss: 0.0113
2025-04-28 12:54:42,649 - INFO - Fold 5, Epoch 65/100, Training Loss: 0.0112
2025-04-28 12:54:45,534 - INFO - Fold 5, Epoch 66/100, Training Loss: 0.0111
2025-04-28 12:54:48,534 - INFO - Fold 5, Epoch 67/100, Training Loss: 0.0109
2025-04-28 12:54:51,615 - INFO - Fold 5, Epoch 68/100, Training Loss: 0.0110
2025-04-28 12:54:54,538 - INFO - Fold 5, Epoch 69/100, Training Loss: 0.0110
2025-04-28 12:54:57,445 - INFO - Fold 5, Epoch 70/100, Training Loss: 0.0109
2025-04-28 12:55:00,333 - INFO - Fold 5, Epoch 71/100, Training Loss: 0.0108
2025-04-28 12:55:03,233 - INFO - Fold 5, Epoch 72/100, Training Loss: 0.0107
2025-04-28 12:55:06,159 - INFO - Fold 5, Epoch 73/100, Training Loss: 0.0107
2025-04-28 12:55:09,062 - INFO - Fold 5, Epoch 74/100, Training Loss: 0.0106
2025-04-28 12:55:11,907 - INFO - Fold 5, Epoch 75/100, Training Loss: 0.0105
2025-04-28 12:55:14,766 - INFO - Fold 5, Epoch 76/100, Training Loss: 0.0105
2025-04-28 12:55:17,615 - INFO - Fold 5, Epoch 77/100, Training Loss: 0.0107
2025-04-28 12:55:20,543 - INFO - Fold 5, Epoch 78/100, Training Loss: 0.0105
2025-04-28 12:55:23,463 - INFO - Fold 5, Epoch 79/100, Training Loss: 0.0104
2025-04-28 12:55:26,373 - INFO - Fold 5, Epoch 80/100, Training Loss: 0.0105
2025-04-28 12:55:29,296 - INFO - Fold 5, Epoch 81/100, Training Loss: 0.0103
2025-04-28 12:55:32,200 - INFO - Fold 5, Epoch 82/100, Training Loss: 0.0103
2025-04-28 12:55:35,114 - INFO - Fold 5, Epoch 83/100, Training Loss: 0.0101
2025-04-28 12:55:38,033 - INFO - Fold 5, Epoch 84/100, Training Loss: 0.0101
2025-04-28 12:55:40,976 - INFO - Fold 5, Epoch 85/100, Training Loss: 0.0100
2025-04-28 12:55:43,864 - INFO - Fold 5, Epoch 86/100, Training Loss: 0.0100
2025-04-28 12:55:46,778 - INFO - Fold 5, Epoch 87/100, Training Loss: 0.0099
2025-04-28 12:55:49,682 - INFO - Fold 5, Epoch 88/100, Training Loss: 0.0099
2025-04-28 12:55:52,617 - INFO - Fold 5, Epoch 89/100, Training Loss: 0.0099
2025-04-28 12:55:55,521 - INFO - Fold 5, Epoch 90/100, Training Loss: 0.0098
2025-04-28 12:55:58,548 - INFO - Fold 5, Epoch 91/100, Training Loss: 0.0098
2025-04-28 12:56:01,516 - INFO - Fold 5, Epoch 92/100, Training Loss: 0.0099
2025-04-28 12:56:04,399 - INFO - Fold 5, Epoch 93/100, Training Loss: 0.0098
2025-04-28 12:56:07,319 - INFO - Fold 5, Epoch 94/100, Training Loss: 0.0097
2025-04-28 12:56:10,359 - INFO - Fold 5, Epoch 95/100, Training Loss: 0.0096
2025-04-28 12:56:13,295 - INFO - Fold 5, Epoch 96/100, Training Loss: 0.0096
2025-04-28 12:56:16,181 - INFO - Fold 5, Epoch 97/100, Training Loss: 0.0095
2025-04-28 12:56:19,060 - INFO - Fold 5, Epoch 98/100, Training Loss: 0.0095
2025-04-28 12:56:21,931 - INFO - Fold 5, Epoch 99/100, Training Loss: 0.0093
2025-04-28 12:56:24,794 - INFO - Fold 5, Epoch 100/100, Training Loss: 0.0095
2025-04-28 12:56:32,205 - INFO - 已保存预测结果: result_orginal_data/IA_result/original_data_predictions.csv
2025-04-28 12:56:32,262 - INFO - 总运行时间: 1556.59 秒
