2025-04-28 03:17:01,368 - INFO - 1. 开始构建标签共现图...
2025-04-28 03:17:19,908 - INFO - 图信息：节点数 854，边数 23333
2025-04-28 03:17:19,909 - INFO - 2. 生成Node2Vec嵌入...
2025-04-28 03:17:58,096 - INFO - collecting all words and their counts
2025-04-28 03:17:58,097 - INFO - PROGRESS: at sentence #0, processed 0 words, keeping 0 word types
2025-04-28 03:17:58,103 - INFO - PROGRESS: at sentence #10000, processed 49820 words, keeping 854 word types
2025-04-28 03:17:58,110 - INFO - PROGRESS: at sentence #20000, processed 99632 words, keeping 854 word types
2025-04-28 03:17:58,118 - INFO - PROGRESS: at sentence #30000, processed 149436 words, keeping 854 word types
2025-04-28 03:17:58,127 - INFO - PROGRESS: at sentence #40000, processed 199252 words, keeping 854 word types
2025-04-28 03:17:58,135 - INFO - PROGRESS: at sentence #50000, processed 249060 words, keeping 854 word types
2025-04-28 03:17:58,148 - INFO - PROGRESS: at sentence #60000, processed 298876 words, keeping 854 word types
2025-04-28 03:17:58,157 - INFO - PROGRESS: at sentence #70000, processed 348688 words, keeping 854 word types
2025-04-28 03:17:58,171 - INFO - PROGRESS: at sentence #80000, processed 398504 words, keeping 854 word types
2025-04-28 03:17:58,175 - INFO - collected 854 word types from a corpus of 425400 raw words and 85400 sentences
2025-04-28 03:17:58,176 - INFO - Creating a fresh vocabulary
2025-04-28 03:17:58,214 - INFO - Word2Vec lifecycle event {'msg': 'effective_min_count=5 retains 854 unique words (100.00% of original 854, drops 0)', 'datetime': '2025-04-28T03:17:58.178929', 'gensim': '4.3.3', 'python': '3.8.20 | packaged by conda-forge | (default, Sep 30 2024, 17:52:49) \n[GCC 13.3.0]', 'platform': 'Linux-5.15.0-136-generic-x86_64-with-glibc2.17', 'event': 'prepare_vocab'}
2025-04-28 03:17:58,214 - INFO - Word2Vec lifecycle event {'msg': 'effective_min_count=5 leaves 425400 word corpus (100.00% of original 425400, drops 0)', 'datetime': '2025-04-28T03:17:58.214327', 'gensim': '4.3.3', 'python': '3.8.20 | packaged by conda-forge | (default, Sep 30 2024, 17:52:49) \n[GCC 13.3.0]', 'platform': 'Linux-5.15.0-136-generic-x86_64-with-glibc2.17', 'event': 'prepare_vocab'}
2025-04-28 03:17:58,219 - INFO - deleting the raw counts dictionary of 854 items
2025-04-28 03:17:58,222 - INFO - sample=0.001 downsamples 68 most-common words
2025-04-28 03:17:58,222 - INFO - Word2Vec lifecycle event {'msg': 'downsampling leaves estimated 372152.15943989233 word corpus (87.5%% of prior 425400)', 'datetime': '2025-04-28T03:17:58.222317', 'gensim': '4.3.3', 'python': '3.8.20 | packaged by conda-forge | (default, Sep 30 2024, 17:52:49) \n[GCC 13.3.0]', 'platform': 'Linux-5.15.0-136-generic-x86_64-with-glibc2.17', 'event': 'prepare_vocab'}
2025-04-28 03:17:58,230 - INFO - estimated required memory for 854 words and 100 dimensions: 1110200 bytes
2025-04-28 03:17:58,230 - INFO - resetting layer weights
2025-04-28 03:17:58,231 - INFO - Word2Vec lifecycle event {'update': False, 'trim_rule': 'None', 'datetime': '2025-04-28T03:17:58.231476', 'gensim': '4.3.3', 'python': '3.8.20 | packaged by conda-forge | (default, Sep 30 2024, 17:52:49) \n[GCC 13.3.0]', 'platform': 'Linux-5.15.0-136-generic-x86_64-with-glibc2.17', 'event': 'build_vocab'}
2025-04-28 03:17:58,231 - INFO - Word2Vec lifecycle event {'msg': 'training model with 4 workers on 854 vocabulary and 100 features, using sg=1 hs=0 sample=0.001 negative=5 window=5 shrink_windows=True', 'datetime': '2025-04-28T03:17:58.231591', 'gensim': '4.3.3', 'python': '3.8.20 | packaged by conda-forge | (default, Sep 30 2024, 17:52:49) \n[GCC 13.3.0]', 'platform': 'Linux-5.15.0-136-generic-x86_64-with-glibc2.17', 'event': 'train'}
2025-04-28 03:17:58,969 - INFO - EPOCH 0: training on 425400 raw words (372124 effective words) took 0.7s, 522681 effective words/s
2025-04-28 03:17:59,645 - INFO - EPOCH 1: training on 425400 raw words (372136 effective words) took 0.7s, 555675 effective words/s
2025-04-28 03:18:00,379 - INFO - EPOCH 2: training on 425400 raw words (372141 effective words) took 0.7s, 513481 effective words/s
2025-04-28 03:18:01,078 - INFO - EPOCH 3: training on 425400 raw words (372209 effective words) took 0.7s, 544889 effective words/s
2025-04-28 03:18:01,764 - INFO - EPOCH 4: training on 425400 raw words (372313 effective words) took 0.7s, 547914 effective words/s
2025-04-28 03:18:01,764 - INFO - Word2Vec lifecycle event {'msg': 'training on 2127000 raw words (1860923 effective words) took 3.5s, 526761 effective words/s', 'datetime': '2025-04-28T03:18:01.764489', 'gensim': '4.3.3', 'python': '3.8.20 | packaged by conda-forge | (default, Sep 30 2024, 17:52:49) \n[GCC 13.3.0]', 'platform': 'Linux-5.15.0-136-generic-x86_64-with-glibc2.17', 'event': 'train'}
2025-04-28 03:18:01,764 - INFO - Word2Vec lifecycle event {'params': 'Word2Vec<vocab=854, vector_size=100, alpha=0.025>', 'datetime': '2025-04-28T03:18:01.764645', 'gensim': '4.3.3', 'python': '3.8.20 | packaged by conda-forge | (default, Sep 30 2024, 17:52:49) \n[GCC 13.3.0]', 'platform': 'Linux-5.15.0-136-generic-x86_64-with-glibc2.17', 'event': 'created'}
2025-04-28 03:18:01,879 - INFO - 3. 保存嵌入结果...
2025-04-28 03:18:01,976 - INFO - 嵌入已保存到 generate_data/label_embeddings.csv
2025-04-28 03:18:01,976 - INFO - 程序运行时间: 60.61秒
